Determining if the pthread_create exist failed with the following output:
Change Dir: /home/workspace/RoboND-Build-My-World/MyRobot/build/CMakeFiles/CMakeTmp

Run Build Command:"/usr/bin/make" "cmTC_79a7d/fast"
/usr/bin/make -f CMakeFiles/cmTC_79a7d.dir/build.make CMakeFiles/cmTC_79a7d.dir/build
make[1]: Entering directory '/home/workspace/RoboND-Build-My-World/MyRobot/build/CMakeFiles/CMakeTmp'
Building C object CMakeFiles/cmTC_79a7d.dir/CheckSymbolExists.c.o
/usr/bin/cc     -o CMakeFiles/cmTC_79a7d.dir/CheckSymbolExists.c.o   -c /home/workspace/RoboND-Build-My-World/MyRobot/build/CMakeFiles/CMakeTmp/CheckSymbolExists.c
Linking C executable cmTC_79a7d
/usr/bin/cmake -E cmake_link_script CMakeFiles/cmTC_79a7d.dir/link.txt --verbose=1
/usr/bin/cc       CMakeFiles/cmTC_79a7d.dir/CheckSymbolExists.c.o  -o cmTC_79a7d -rdynamic 
CMakeFiles/cmTC_79a7d.dir/CheckSymbolExists.c.o: In function `main':
CheckSymbolExists.c:(.text+0x16): undefined reference to `pthread_create'
collect2: error: ld returned 1 exit status
CMakeFiles/cmTC_79a7d.dir/build.make:97: recipe for target 'cmTC_79a7d' failed
make[1]: *** [cmTC_79a7d] Error 1
make[1]: Leaving directory '/home/workspace/RoboND-Build-My-World/MyRobot/build/CMakeFiles/CMakeTmp'
Makefile:126: recipe for target 'cmTC_79a7d/fast' failed
make: *** [cmTC_79a7d/fast] Error 2

File /home/workspace/RoboND-Build-My-World/MyRobot/build/CMakeFiles/CMakeTmp/CheckSymbolExists.c:
/* */
#include <pthread.h>

int main(int argc, char** argv)
{
  (void)argv;
#ifndef pthread_create
  return ((int*)(&pthread_create))[argc];
#else
  (void)argc;
  return 0;
#endif
}

Determining if the function pthread_create exists in the pthreads failed with the following output:
Change Dir: /home/workspace/RoboND-Build-My-World/MyRobot/build/CMakeFiles/CMakeTmp

Run Build Command:"/usr/bin/make" "cmTC_515c5/fast"
/usr/bin/make -f CMakeFiles/cmTC_515c5.dir/build.make CMakeFiles/cmTC_515c5.dir/build
make[1]: Entering directory '/home/workspace/RoboND-Build-My-World/MyRobot/build/CMakeFiles/CMakeTmp'
Building C object CMakeFiles/cmTC_515c5.dir/CheckFunctionExists.c.o
/usr/bin/cc    -DCHECK_FUNCTION_EXISTS=pthread_create   -o CMakeFiles/cmTC_515c5.dir/CheckFunctionExists.c.o   -c /usr/share/cmake-3.5/Modules/CheckFunctionExists.c
Linking C executable cmTC_515c5
/usr/bin/cmake -E cmake_link_script CMakeFiles/cmTC_515c5.dir/link.txt --verbose=1
/usr/bin/cc   -DCHECK_FUNCTION_EXISTS=pthread_create    CMakeFiles/cmTC_515c5.dir/CheckFunctionExists.c.o  -o cmTC_515c5 -rdynamic -lpthreads 
/usr/bin/ld: cannot find -lpthreads
collect2: error: ld returned 1 exit status
CMakeFiles/cmTC_515c5.dir/build.make:97: recipe for target 'cmTC_515c5' failed
make[1]: *** [cmTC_515c5] Error 1
make[1]: Leaving directory '/home/workspace/RoboND-Build-My-World/MyRobot/build/CMakeFiles/CMakeTmp'
Makefile:126: recipe for target 'cmTC_515c5/fast' failed
make: *** [cmTC_515c5/fast] Error 2


